#
# There is insufficient memory for the Java Runtime Environment to continue.
# Native memory allocation (malloc) failed to allocate 32744 bytes for ChunkPool::allocate
# Possible reasons:
#   The system is out of physical RAM or swap space
#   The process is running with CompressedOops enabled, and the Java Heap may be blocking the growth of the native heap
# Possible solutions:
#   Reduce memory load on the system
#   Increase physical memory or swap space
#   Check if swap backing store is full
#   Decrease Java heap size (-Xmx/-Xms)
#   Decrease number of Java threads
#   Decrease Java thread stack sizes (-Xss)
#   Set larger code cache with -XX:ReservedCodeCacheSize=
#   JVM is running with Unscaled Compressed Oops mode in which the Java heap is
#     placed in the first 4GB address space. The Java Heap base address is the
#     maximum limit for the native heap growth. Please use -XX:HeapBaseMinAddress
#     to set the Java Heap base and to place the Java Heap above 4GB virtual address.
# This output file may be truncated or incomplete.
#
#  Out of Memory Error (allocation.cpp:272), pid=10700, tid=0x00000000000022b0
#
# JRE version: OpenJDK Runtime Environment (8.0_242-b01) (build 1.8.0_242-release-1644-b01)
# Java VM: OpenJDK 64-Bit Server VM (25.242-b01 mixed mode windows-amd64 compressed oops)
# Failed to write core dump. Minidumps are not enabled by default on client versions of Windows
#

---------------  T H R E A D  ---------------

Current thread (0x0000000019596800):  JavaThread "C2 CompilerThread0" daemon [_thread_in_native, id=8880, stack(0x0000000019e60000,0x0000000019f60000)]

Stack: [0x0000000019e60000,0x0000000019f60000]
[error occurred during error reporting (printing stack bounds), id 0xc0000005]

Native frames: (J=compiled Java code, j=interpreted, Vv=VM code, C=native code)


Current CompileTask:
C2:8460581 29076       4       com.android.tools.r8.z.a.a.f::a (6058 bytes)


---------------  P R O C E S S  ---------------

Java Threads: ( => current thread )
  0x0000000019760800 JavaThread "WorkerExecutor Queue Thread 10" [_thread_blocked, id=8552, stack(0x00000000364e0000,0x00000000365e0000)]
  0x000000001975c000 JavaThread "WorkerExecutor Queue Thread 9" [_thread_blocked, id=17552, stack(0x00000000363e0000,0x00000000364e0000)]
  0x000000001975e000 JavaThread "WorkerExecutor Queue Thread 8" [_thread_blocked, id=15892, stack(0x00000000360c0000,0x00000000361c0000)]
  0x000000001975d800 JavaThread "WorkerExecutor Queue Thread 7" [_thread_blocked, id=4600, stack(0x0000000035490000,0x0000000035590000)]
  0x000000001975f800 JavaThread "WorkerExecutor Queue Thread 6" [_thread_blocked, id=18856, stack(0x0000000034f20000,0x0000000035020000)]
  0x0000000019754800 JavaThread "ForkJoinPool.commonPool-worker-0" daemon [_thread_blocked, id=12296, stack(0x0000000034e20000,0x0000000034f20000)]
  0x000000001975b000 JavaThread "ForkJoinPool.commonPool-worker-7" daemon [_thread_blocked, id=17852, stack(0x0000000034d20000,0x0000000034e20000)]
  0x0000000019753800 JavaThread "ForkJoinPool.commonPool-worker-5" daemon [_thread_blocked, id=3416, stack(0x0000000034b20000,0x0000000034c20000)]
  0x0000000019752000 JavaThread "ForkJoinPool.commonPool-worker-4" daemon [_thread_blocked, id=3740, stack(0x0000000034820000,0x0000000034920000)]
  0x0000000019753000 JavaThread "Cache worker for Java compile cache (D:\AndroidStudioProjects\GPACALCULATOR\.gradle\6.5\javaCompile)" [_thread_blocked, id=8904, stack(0x0000000034720000,0x0000000034820000)]
  0x0000000019756800 JavaThread "WorkerExecutor Queue Thread 5" [_thread_blocked, id=15416, stack(0x0000000034a20000,0x0000000034b20000)]
  0x000000001f8bc000 JavaThread "WorkerExecutor Queue Thread 4" [_thread_blocked, id=6984, stack(0x0000000034920000,0x0000000034a20000)]
  0x000000001f8ba800 JavaThread "stdout" [_thread_in_native, id=19540, stack(0x0000000034620000,0x0000000034720000)]
  0x000000001f8b9000 JavaThread "stderr" [_thread_in_native, id=18208, stack(0x0000000033530000,0x0000000033630000)]
  0x000000001f8b8800 JavaThread "pool-47-thread-1" [_thread_blocked, id=20204, stack(0x0000000033430000,0x0000000033530000)]
  0x000000001f8b7800 JavaThread "WorkerExecutor Queue" [_thread_blocked, id=4292, stack(0x0000000033330000,0x0000000033430000)]
  0x000000001f8bd800 JavaThread "Cache worker for execution history cache (D:\AndroidStudioProjects\GPACALCULATOR\.gradle\6.5\executionHistory)" [_thread_blocked, id=4916, stack(0x0000000031020000,0x0000000031120000)]
  0x000000001f8b0000 JavaThread "Execution worker for ':' Thread 7" [_thread_blocked, id=12272, stack(0x000000002f820000,0x000000002f920000)]
  0x000000001f8b7000 JavaThread "Execution worker for ':' Thread 6" [_thread_blocked, id=1908, stack(0x000000002f720000,0x000000002f820000)]
  0x000000001f8b4000 JavaThread "Execution worker for ':' Thread 5" [_thread_blocked, id=7404, stack(0x000000002f620000,0x000000002f720000)]
  0x000000001f8b6000 JavaThread "Execution worker for ':' Thread 4" [_thread_blocked, id=9108, stack(0x000000002f520000,0x000000002f620000)]
  0x000000001f8b3000 JavaThread "Execution worker for ':' Thread 3" [_thread_blocked, id=4052, stack(0x000000002e800000,0x000000002e900000)]
  0x000000001f8b1000 JavaThread "Execution worker for ':' Thread 2" [_thread_blocked, id=10636, stack(0x000000002e700000,0x000000002e800000)]
  0x000000001f8b5800 JavaThread "Execution worker for ':'" [_thread_blocked, id=5996, stack(0x000000002e600000,0x000000002e700000)]
  0x000000001f8af800 JavaThread "Cache worker for file content cache (D:\AndroidStudioProjects\GPACALCULATOR\.gradle\6.5\fileContent)" [_thread_blocked, id=10528, stack(0x000000002e500000,0x000000002e600000)]
  0x000000001f8b1800 JavaThread "Cache worker for Build Output Cleanup Cache (D:\AndroidStudioProjects\GPACALCULATOR\.gradle\buildOutputCleanup)" [_thread_blocked, id=18012, stack(0x000000002e000000,0x000000002e100000)]
  0x000000002123b800 JavaThread "jar transforms Thread 1840" [_thread_blocked, id=16724, stack(0x000000002d500000,0x000000002d600000)]
  0x000000002123a000 JavaThread "jar transforms Thread 1839" [_thread_blocked, id=12488, stack(0x000000002c3b0000,0x000000002c4b0000)]
  0x0000000021239000 JavaThread "jar transforms Thread 1838" [_thread_blocked, id=16420, stack(0x000000002bcb0000,0x000000002bdb0000)]
  0x0000000021234000 JavaThread "jar transforms Thread 1837" [_thread_blocked, id=13980, stack(0x000000002b7b0000,0x000000002b8b0000)]
  0x000000002123a800 JavaThread "jar transforms Thread 1836" [_thread_blocked, id=5032, stack(0x00000000296f0000,0x00000000297f0000)]
  0x0000000021236000 JavaThread "jar transforms Thread 1835" [_thread_blocked, id=12004, stack(0x00000000291f0000,0x00000000292f0000)]
  0x0000000021238800 JavaThread "jar transforms Thread 1834" [_thread_blocked, id=17572, stack(0x00000000290f0000,0x00000000291f0000)]
  0x000000002122e800 JavaThread "jar transforms Thread 1833" [_thread_blocked, id=12396, stack(0x0000000028ff0000,0x00000000290f0000)]
  0x0000000021234800 JavaThread "jar transforms Thread 1832" [_thread_blocked, id=15840, stack(0x0000000028ef0000,0x0000000028ff0000)]
  0x0000000021235800 JavaThread "jar transforms Thread 1831" [_thread_blocked, id=16400, stack(0x0000000028df0000,0x0000000028ef0000)]
  0x0000000021230000 JavaThread "jar transforms Thread 1830" [_thread_blocked, id=15740, stack(0x0000000028cf0000,0x0000000028df0000)]
  0x000000002122c000 JavaThread "jar transforms Thread 1829" [_thread_blocked, id=18548, stack(0x0000000028bf0000,0x0000000028cf0000)]
  0x0000000021231000 JavaThread "jar transforms Thread 1828" [_thread_blocked, id=4276, stack(0x0000000028af0000,0x0000000028bf0000)]
  0x000000002122d800 JavaThread "jar transforms Thread 1827" [_thread_blocked, id=8640, stack(0x00000000289f0000,0x0000000028af0000)]
  0x0000000021233000 JavaThread "jar transforms Thread 1826" [_thread_blocked, id=17612, stack(0x00000000288f0000,0x00000000289f0000)]
  0x0000000021231800 JavaThread "jar transforms Thread 1825" [_thread_blocked, id=10620, stack(0x00000000287f0000,0x00000000288f0000)]
  0x000000002122f000 JavaThread "jar transforms Thread 1824" [_thread_blocked, id=10884, stack(0x00000000286f0000,0x00000000287f0000)]
  0x0000000021232800 JavaThread "jar transforms Thread 1823" [_thread_blocked, id=18020, stack(0x00000000285f0000,0x00000000286f0000)]
  0x000000001e6e1800 JavaThread "jar transforms Thread 1822" [_thread_blocked, id=16536, stack(0x00000000284f0000,0x00000000285f0000)]
  0x000000001e6dc000 JavaThread "jar transforms Thread 1821" [_thread_blocked, id=17652, stack(0x00000000283f0000,0x00000000284f0000)]
  0x000000001e6de800 JavaThread "jar transforms Thread 1820" [_thread_blocked, id=16312, stack(0x00000000282f0000,0x00000000283f0000)]
  0x000000001e6e0800 JavaThread "jar transforms Thread 1819" [_thread_blocked, id=9728, stack(0x00000000281f0000,0x00000000282f0000)]
  0x000000001e6d8800 JavaThread "jar transforms Thread 1818" [_thread_blocked, id=13852, stack(0x00000000280f0000,0x00000000281f0000)]
  0x000000001e6df000 JavaThread "jar transforms Thread 1817" [_thread_blocked, id=1368, stack(0x0000000027ff0000,0x00000000280f0000)]
  0x000000001e6da000 JavaThread "jar transforms Thread 1816" [_thread_blocked, id=1428, stack(0x0000000027ef0000,0x0000000027ff0000)]
  0x000000001e6dd000 JavaThread "jar transforms Thread 1815" [_thread_blocked, id=9940, stack(0x0000000027df0000,0x0000000027ef0000)]
  0x000000001e6d4800 JavaThread "jar transforms Thread 1814" [_thread_blocked, id=13392, stack(0x0000000027cf0000,0x0000000027df0000)]
  0x000000001e6db800 JavaThread "jar transforms Thread 1813" [_thread_blocked, id=6184, stack(0x0000000027bf0000,0x0000000027cf0000)]
  0x000000001e6da800 JavaThread "jar transforms Thread 1812" [_thread_blocked, id=8416, stack(0x0000000027af0000,0x0000000027bf0000)]
  0x000000001e6d5800 JavaThread "jar transforms Thread 1811" [_thread_blocked, id=2452, stack(0x00000000279f0000,0x0000000027af0000)]
  0x000000001e6d7800 JavaThread "jar transforms Thread 1810" [_thread_blocked, id=17780, stack(0x00000000278f0000,0x00000000279f0000)]
  0x000000001e6d3000 JavaThread "jar transforms Thread 1809" [_thread_blocked, id=10960, stack(0x00000000277f0000,0x00000000278f0000)]
  0x000000001e6d9000 JavaThread "jar transforms Thread 1808" [_thread_blocked, id=10324, stack(0x00000000276f0000,0x00000000277f0000)]
  0x000000001e6d7000 JavaThread "jar transforms Thread 1807" [_thread_blocked, id=13084, stack(0x00000000275f0000,0x00000000276f0000)]
  0x000000001e6d2800 JavaThread "jar transforms Thread 1806" [_thread_blocked, id=20144, stack(0x00000000274f0000,0x00000000275f0000)]
  0x000000001e6d4000 JavaThread "jar transforms Thread 1805" [_thread_blocked, id=13376, stack(0x00000000273f0000,0x00000000274f0000)]
  0x000000001e6d6000 JavaThread "jar transforms Thread 1804" [_thread_blocked, id=13648, stack(0x00000000272f0000,0x00000000273f0000)]
  0x00000000304e5800 JavaThread "jar transforms Thread 1803" [_thread_blocked, id=16912, stack(0x00000000271f0000,0x00000000272f0000)]
  0x00000000304e5000 JavaThread "jar transforms Thread 1802" [_thread_blocked, id=11788, stack(0x00000000270f0000,0x00000000271f0000)]
  0x00000000304e4000 JavaThread "jar transforms Thread 1801" [_thread_blocked, id=10328, stack(0x0000000026ff0000,0x00000000270f0000)]
  0x00000000304e6800 JavaThread "jar transforms Thread 1800" [_thread_blocked, id=20464, stack(0x0000000026ef0000,0x0000000026ff0000)]
  0x00000000304dc800 JavaThread "jar transforms Thread 1799" [_thread_blocked, id=6304, stack(0x0000000026df0000,0x0000000026ef0000)]
  0x00000000304e2800 JavaThread "jar transforms Thread 1798" [_thread_blocked, id=19784, stack(0x0000000026cf0000,0x0000000026df0000)]
  0x00000000304df800 JavaThread "jar transforms Thread 1797" [_thread_blocked, id=5972, stack(0x0000000026bf0000,0x0000000026cf0000)]
  0x00000000304db000 JavaThread "jar transforms Thread 1796" [_thread_blocked, id=320, stack(0x0000000026af0000,0x0000000026bf0000)]
  0x00000000304e2000 JavaThread "jar transforms Thread 1795" [_thread_blocked, id=5028, stack(0x00000000269f0000,0x0000000026af0000)]
  0x00000000304da800 JavaThread "jar transforms Thread 1794" [_thread_blocked, id=20400, stack(0x00000000268f0000,0x00000000269f0000)]
  0x00000000304dd800 JavaThread "jar transforms Thread 1793" [_thread_blocked, id=15496, stack(0x00000000267f0000,0x00000000268f0000)]
  0x00000000304e1000 JavaThread "jar transforms Thread 1792" [_thread_blocked, id=17348, stack(0x00000000266f0000,0x00000000267f0000)]
  0x00000000304e0800 JavaThread "jar transforms Thread 1791" [_thread_blocked, id=20320, stack(0x00000000265f0000,0x00000000266f0000)]
  0x00000000304dc000 JavaThread "jar transforms Thread 1790" [_thread_blocked, id=12932, stack(0x00000000264f0000,0x00000000265f0000)]
  0x00000000304d8000 JavaThread "jar transforms Thread 1789" [_thread_blocked, id=15440, stack(0x00000000263f0000,0x00000000264f0000)]
  0x00000000304de000 JavaThread "jar transforms Thread 1788" [_thread_blocked, id=17684, stack(0x00000000262f0000,0x00000000263f0000)]
  0x00000000304d9800 JavaThread "jar transforms Thread 1787" [_thread_blocked, id=15980, stack(0x00000000261f0000,0x00000000262f0000)]
  0x00000000304df000 JavaThread "jar transforms Thread 1786" [_thread_blocked, id=18196, stack(0x00000000260f0000,0x00000000261f0000)]
  0x00000000304d9000 JavaThread "jar transforms Thread 1785" [_thread_blocked, id=18960, stack(0x0000000025ff0000,0x00000000260f0000)]
  0x00000000304d7800 JavaThread "jar transforms Thread 1784" [_thread_blocked, id=9960, stack(0x0000000025ef0000,0x0000000025ff0000)]
  0x000000002afd8000 JavaThread "jar transforms Thread 1783" [_thread_blocked, id=2888, stack(0x0000000025df0000,0x0000000025ef0000)]
  0x000000002afd7800 JavaThread "jar transforms Thread 1782" [_thread_blocked, id=18236, stack(0x0000000025cf0000,0x0000000025df0000)]
  0x000000002afd6800 JavaThread "jar transforms Thread 1781" [_thread_blocked, id=10900, stack(0x0000000025bf0000,0x0000000025cf0000)]
  0x000000002afd3000 JavaThread "jar transforms Thread 1780" [_thread_blocked, id=6068, stack(0x0000000025af0000,0x0000000025bf0000)]
  0x000000002afd6000 JavaThread "jar transforms Thread 1779" [_thread_blocked, id=14024, stack(0x00000000259f0000,0x0000000025af0000)]
  0x000000002afd5000 JavaThread "jar transforms Thread 1778" [_thread_blocked, id=9736, stack(0x00000000258f0000,0x00000000259f0000)]
  0x000000002afcd800 JavaThread "jar transforms Thread 1777" [_thread_blocked, id=18852, stack(0x00000000257f0000,0x00000000258f0000)]
  0x000000002afd4800 JavaThread "jar transforms Thread 1776" [_thread_blocked, id=16444, stack(0x00000000256f0000,0x00000000257f0000)]
  0x000000002afd3800 JavaThread "jar transforms Thread 1775" [_thread_blocked, id=5440, stack(0x00000000255f0000,0x00000000256f0000)]
  0x000000002afcc000 JavaThread "jar transforms Thread 1774" [_thread_blocked, id=17448, stack(0x00000000254f0000,0x00000000255f0000)]
  0x000000002afd2000 JavaThread "jar transforms Thread 1773" [_thread_blocked, id=19648, stack(0x00000000253f0000,0x00000000254f0000)]
  0x000000002afd0800 JavaThread "jar transforms Thread 1772" [_thread_blocked, id=1640, stack(0x00000000252f0000,0x00000000253f0000)]
  0x000000002afcc800 JavaThread "jar transforms Thread 1771" [_thread_blocked, id=16408, stack(0x00000000251f0000,0x00000000252f0000)]
  0x000000002afcf000 JavaThread "jar transforms Thread 1770" [_thread_blocked, id=2200, stack(0x00000000250f0000,0x00000000251f0000)]
  0x000000002afce800 JavaThread "jar transforms Thread 1769" [_thread_blocked, id=3644, stack(0x0000000024ff0000,0x00000000250f0000)]
  0x000000002afd0000 JavaThread "jar transforms Thread 1768" [_thread_blocked, id=13568, stack(0x0000000024ef0000,0x0000000024ff0000)]
  0x000000002afd1800 JavaThread "jar transforms Thread 1767" [_thread_blocked, id=10896, stack(0x0000000024df0000,0x0000000024ef0000)]
  0x000000002afc4800 JavaThread "jar transforms Thread 1766" [_thread_blocked, id=17904, stack(0x0000000024cf0000,0x0000000024df0000)]
  0x000000002afcb000 JavaThread "jar transforms Thread 1765" [_thread_blocked, id=18480, stack(0x0000000024bf0000,0x0000000024cf0000)]
  0x000000002afc8000 JavaThread "jar transforms Thread 1764" [_thread_blocked, id=1404, stack(0x0000000024af0000,0x0000000024bf0000)]
  0x000000002afc5000 JavaThread "jar transforms Thread 1763" [_thread_blocked, id=20316, stack(0x00000000249f0000,0x0000000024af0000)]
  0x000000002afca800 JavaThread "jar transforms Thread 1762" [_thread_blocked, id=13172, stack(0x00000000248f0000,0x00000000249f0000)]
  0x000000002afc7800 JavaThread "jar transforms Thread 1761" [_thread_blocked, id=16308, stack(0x00000000247f0000,0x00000000248f0000)]
  0x000000002afc3800 JavaThread "jar transforms Thread 1760" [_thread_blocked, id=1012, stack(0x00000000246f0000,0x00000000247f0000)]
  0x000000002afc9800 JavaThread "jar transforms Thread 1759" [_thread_blocked, id=9060, stack(0x00000000245f0000,0x00000000246f0000)]
  0x000000002afc9000 JavaThread "jar transforms Thread 1758" [_thread_blocked, id=16232, stack(0x00000000244f0000,0x00000000245f0000)]
  0x000000002afbc000 JavaThread "jar transforms Thread 1757" [_thread_blocked, id=7444, stack(0x00000000243f0000,0x00000000244f0000)]
  0x000000002afc3000 JavaThread "jar transforms Thread 1756" [_thread_blocked, id=7516, stack(0x0000000023ef0000,0x0000000023ff0000)]
  0x000000002afc2000 JavaThread "jar transforms Thread 1755" [_thread_blocked, id=3972, stack(0x0000000023df0000,0x0000000023ef0000)]
  0x000000002afc1800 JavaThread "jar transforms Thread 1754" [_thread_blocked, id=4220, stack(0x0000000023cf0000,0x0000000023df0000)]
  0x000000002afba000 JavaThread "jar transforms Thread 1753" [_thread_blocked, id=9864, stack(0x00000000239f0000,0x0000000023af0000)]
  0x000000002afc0800 JavaThread "jar transforms Thread 1752" [_thread_blocked, id=13176, stack(0x00000000238f0000,0x00000000239f0000)]
  0x000000002afb9000 JavaThread "jar transforms Thread 1751" [_thread_blocked, id=8316, stack(0x00000000237f0000,0x00000000238f0000)]
  0x000000002afbf000 JavaThread "jar transforms Thread 1750" [_thread_blocked, id=2492, stack(0x00000000235f0000,0x00000000236f0000)]
  0x000000002afbe800 JavaThread "jar transforms Thread 1749" [_thread_blocked, id=7056, stack(0x00000000234f0000,0x00000000235f0000)]
  0x000000002afbb800 JavaThread "Build operations Thread 8" [_thread_blocked, id=16416, stack(0x00000000233f0000,0x00000000234f0000)]
  0x000000002afbd000 JavaThread "Build operations Thread 7" [_thread_blocked, id=4588, stack(0x00000000232f0000,0x00000000233f0000)]
  0x000000002afc0000 JavaThread "Build operations Thread 6" [_thread_blocked, id=11188, stack(0x00000000231f0000,0x00000000232f0000)]
  0x00000000206fc800 JavaThread "Build operations Thread 5" [_thread_blocked, id=18148, stack(0x00000000230f0000,0x00000000231f0000)]
  0x00000000206fb800 JavaThread "Build operations Thread 4" [_thread_blocked, id=16748, stack(0x0000000022ff0000,0x00000000230f0000)]
  0x00000000206fb000 JavaThread "Build operations Thread 3" [_thread_blocked, id=12772, stack(0x0000000022ef0000,0x0000000022ff0000)]
  0x00000000206f3800 JavaThread "Build operations Thread 2" [_thread_blocked, id=16460, stack(0x00000000226f0000,0x00000000227f0000)]
  0x00000000206f9800 JavaThread "Build operations" [_thread_blocked, id=6484, stack(0x0000000020cc0000,0x0000000020dc0000)]
  0x00000000206f2000 JavaThread "Cache worker for cache directory md-rule (C:\Users\YASWANTH  L\.gradle\caches\6.5\md-rule)" [_thread_blocked, id=7408, stack(0x0000000020720000,0x0000000020820000)]
  0x00000000206f8000 JavaThread "Cache worker for cache directory md-supplier (C:\Users\YASWANTH  L\.gradle\caches\6.5\md-supplier)" [_thread_blocked, id=3940, stack(0x000000001df80000,0x000000001e080000)]
  0x00000000206f7000 JavaThread "Cache worker for checksums cache (D:\AndroidStudioProjects\GPACALCULATOR\.gradle\checksums)" [_thread_blocked, id=19064, stack(0x000000001de80000,0x000000001df80000)]
  0x00000000206f8800 JavaThread "Cache worker for file hash cache (D:\AndroidStudioProjects\GPACALCULATOR\.gradle\6.5\fileHashes)" [_thread_blocked, id=7608, stack(0x000000001dd80000,0x000000001de80000)]
  0x00000000206f6800 JavaThread "Thread-2371" [_thread_blocked, id=19000, stack(0x000000001d880000,0x000000001d980000)]
  0x00000000206ef000 JavaThread "Stdin handler" [_thread_blocked, id=18100, stack(0x000000001d780000,0x000000001d880000)]
  0x00000000206f5800 JavaThread "Asynchronous log dispatcher for DefaultDaemonConnection: socket connection from /127.0.0.1:33044 to /127.0.0.1:2524" [_thread_blocked, id=14604, stack(0x000000001d340000,0x000000001d440000)]
  0x00000000206ed800 JavaThread "Daemon worker Thread 20" [_thread_blocked, id=17696, stack(0x000000001d240000,0x000000001d340000)]
  0x00000000206ee000 JavaThread "Cancel handler" [_thread_blocked, id=7732, stack(0x0000000000ae0000,0x0000000000be0000)]
  0x00000000206f1000 JavaThread "Handler for socket connection from /127.0.0.1:33044 to /127.0.0.1:2524" [_thread_in_native, id=10232, stack(0x00000000009e0000,0x0000000000ae0000)]
  0x00000000206f0800 JavaThread "Daemon Thread 20" [_thread_blocked, id=10128, stack(0x00000000007d0000,0x00000000008d0000)]
  0x000000001975c800 JavaThread "Cache worker for Java compile cache (C:\Users\YASWANTH  L\.gradle\caches\6.5\javaCompile)" [_thread_blocked, id=5816, stack(0x000000002cfb0000,0x000000002d0b0000)]
  0x000000001f28a000 JavaThread "Memory manager" [_thread_blocked, id=20276, stack(0x0000000029890000,0x0000000029990000)]
  0x000000001ab80000 JavaThread "Cache worker for file content cache (C:\Users\YASWANTH  L\.gradle\caches\6.5\fileContent)" [_thread_blocked, id=1216, stack(0x00000000227f0000,0x00000000228f0000)]
  0x000000001ab7e800 JavaThread "Cache worker for execution history cache (C:\Users\YASWANTH  L\.gradle\caches\6.5\executionHistory)" [_thread_blocked, id=2948, stack(0x0000000021ff0000,0x00000000220f0000)]
  0x000000001ab81000 JavaThread "Cache worker for file hash cache (C:\Users\YASWANTH  L\.gradle\caches\6.5\fileHashes)" [_thread_blocked, id=10664, stack(0x000000001e480000,0x000000001e580000)]
  0x000000001ab7d000 JavaThread "File lock request listener" [_thread_in_native, id=6748, stack(0x000000001e380000,0x000000001e480000)]
  0x000000001ab82800 JavaThread "Cache worker for journal cache (C:\Users\YASWANTH  L\.gradle\caches\journal-1)" [_thread_blocked, id=512, stack(0x000000001e280000,0x000000001e380000)]
  0x000000001a70c800 JavaThread "Daemon periodic checks" [_thread_blocked, id=18636, stack(0x000000001d680000,0x000000001d780000)]
  0x000000001bffa800 JavaThread "Incoming local TCP Connector on port 33044" [_thread_in_native, id=20360, stack(0x000000001d440000,0x000000001d540000)]
  0x000000001bd74000 JavaThread "Daemon health stats" [_thread_blocked, id=16148, stack(0x000000001ce00000,0x000000001cf00000)]
  0x00000000195f7800 JavaThread "Service Thread" daemon [_thread_blocked, id=9840, stack(0x000000001a260000,0x000000001a360000)]
  0x000000001959b000 JavaThread "C1 CompilerThread3" daemon [_thread_in_vm, id=2020, stack(0x000000001a160000,0x000000001a260000)]
  0x0000000019597000 JavaThread "C2 CompilerThread2" daemon [_thread_in_native, id=1672, stack(0x000000001a060000,0x000000001a160000)]
  0x000000001778e000 JavaThread "C2 CompilerThread1" daemon [_thread_in_vm, id=11760, stack(0x0000000019f60000,0x000000001a060000)]
=>0x0000000019596800 JavaThread "C2 CompilerThread0" daemon [_thread_in_native, id=8880, stack(0x0000000019e60000,0x0000000019f60000)]
  0x0000000019595000 JavaThread "Attach Listener" daemon [_thread_blocked, id=8988, stack(0x0000000019d60000,0x0000000019e60000)]
  0x0000000019592000 JavaThread "Signal Dispatcher" daemon [_thread_blocked, id=19216, stack(0x0000000019c60000,0x0000000019d60000)]
  0x00000000026dc800 JavaThread "Finalizer" daemon [_thread_blocked, id=13716, stack(0x0000000019a60000,0x0000000019b60000)]
  0x0000000019580800 JavaThread "Reference Handler" daemon [_thread_blocked, id=12036, stack(0x0000000019960000,0x0000000019a60000)]
  0x0000000000c5d800 JavaThread "main" [_thread_blocked, id=13548, stack(0x00000000024e0000,0x00000000025e0000)]

Other Threads:
  0x0000000017778800 VMThread [stack: 0x0000000019460000,0x0000000019560000] [id=13284]
  0x00000000195f8800 WatcherThread [stack: 0x000000001a360000,0x000000001a460000] [id=7396]

VM state:not at safepoint (normal execution)

VM Mutex/Monitor currently owned by a thread:  ([mutex/lock_event])
[0x0000000000c5c0f0] CodeCache_lock - owner thread: 0x000000001959b000
[0x00000000025e07d0] Compile_lock - owner thread: 0x000000001959b000
[0x00000000025e1150] MethodCompileQueue_lock - owner thread: 0x000000001959b000

heap address: 0x0000000080000000, size: 2048 MB, Compressed Oops mode: 32-bit
Narrow klass base: 0x0000000000000000, Narrow klass shift: 3
Compressed class space size: 1073741824 Address: 0x0000000100000000

Heap:
 PSYoungGen      total 571904K, used 92917K [0x00000000d5580000, 0x00000000fea00000, 0x0000000100000000)
  eden space 493568K, 9% used [0x00000000d5580000,0x00000000d836f320,0x00000000f3780000)
  from space 78336K, 58% used [0x00000000f3780000,0x00000000f644e460,0x00000000f8400000)
  to   space 78336K, 0% used [0x00000000f9d80000,0x00000000f9d80000,0x00000000fea00000)
 ParOldGen       total 210432K, used 120657K [0x0000000080000000, 0x000000008cd80000, 0x00000000d5580000)
  object space 210432K, 57% used [0x0000000080000000,0x00000000875d4780,0x000000008cd80000)
 Metaspace       used 119589K, capacity 128664K, committed 128936K, reserved 1161216K
  class space    used 15396K, capacity 16967K, committed 17072K, reserved 1048576K

Card table byte_map: [0x0000000011aa0000,0x0000000011eb0000] byte_map_base: 0x00000000116a0000

Marking Bits: (ParMarkBitMap*) 0x000000006d3bf030
 Begin Bits: [0x0000000012960000, 0x0000000014960000)
 End Bits:   [0x0000000014960000, 0x0000000016960000)

Polling page: 0x0000000000c30000

CodeCache: size=245760Kb used=79208Kb max_used=79208Kb free=166551Kb
 bounds [0x00000000026e0000, 0x00000000074b0000, 0x00000000116e0000]
 total_blobs=22563 nmethods=21607 adapters=865
 compilation: enabled

Compilation events (10 events):
Event: 8459.423 Thread 0x000000001778e000 nmethod 29078 0x00000000074909d0 code [0x0000000007490b20, 0x0000000007490c38]
Event: 8459.423 Thread 0x000000001778e000 29081       4       com.android.tools.r8.graph.c::definitionForWithoutExistenceAssert (79 bytes)
Event: 8459.472 Thread 0x000000001778e000 nmethod 29081 0x0000000007493a90 code [0x0000000007493c40, 0x00000000074944c8]
Event: 8459.472 Thread 0x000000001778e000 29083       4       com.android.tools.r8.graph.c::definitionFor (6 bytes)
Event: 8459.473 Thread 0x000000001778e000 nmethod 29083 0x000000000460fcd0 code [0x000000000460fe20, 0x000000000460fea8]
Event: 8459.603 Thread 0x000000001778e000 29099       4       com.android.tools.r8.s.b.Y::<init> (37 bytes)
Event: 8459.704 Thread 0x000000001778e000 nmethod 29099 0x000000000747c550 code [0x000000000747c6e0, 0x000000000747ccd8]
Event: 8459.707 Thread 0x000000001959b000 29098       3       com.android.tools.r8.s.c.f0::a (183 bytes)
Event: 8460.133 Thread 0x000000001959b000 nmethod 29098 0x0000000007495190 code [0x0000000007495460, 0x00000000074966c8]
Event: 8460.145 Thread 0x000000001959b000 29120       3       com.android.tools.r8.ir.optimize.l::b (48 bytes)

GC Heap History (10 events):
Event: 4793.494 GC heap before
{Heap before GC invocations=29 (full 4):
 PSYoungGen      total 473088K, used 461484K [0x00000000d5580000, 0x00000000f6280000, 0x0000000100000000)
  eden space 428032K, 100% used [0x00000000d5580000,0x00000000ef780000,0x00000000ef780000)
  from space 45056K, 74% used [0x00000000f3680000,0x00000000f572b298,0x00000000f6280000)
  to   space 54784K, 0% used [0x00000000ef780000,0x00000000ef780000,0x00000000f2d00000)
 ParOldGen       total 210432K, used 120617K [0x0000000080000000, 0x000000008cd80000, 0x00000000d5580000)
  object space 210432K, 57% used [0x0000000080000000,0x00000000875ca780,0x000000008cd80000)
 Metaspace       used 114814K, capacity 122128K, committed 122536K, reserved 1155072K
  class space    used 14824K, capacity 16113K, committed 16304K, reserved 1048576K
Event: 4795.245 GC heap after
Heap after GC invocations=29 (full 4):
 PSYoungGen      total 482816K, used 54193K [0x00000000d5580000, 0x00000000fa100000, 0x0000000100000000)
  eden space 428032K, 0% used [0x00000000d5580000,0x00000000d5580000,0x00000000ef780000)
  from space 54784K, 98% used [0x00000000ef780000,0x00000000f2c6c510,0x00000000f2d00000)
  to   space 62976K, 0% used [0x00000000f6380000,0x00000000f6380000,0x00000000fa100000)
 ParOldGen       total 210432K, used 120625K [0x0000000080000000, 0x000000008cd80000, 0x00000000d5580000)
  object space 210432K, 57% used [0x0000000080000000,0x00000000875cc780,0x000000008cd80000)
 Metaspace       used 114814K, capacity 122128K, committed 122536K, reserved 1155072K
  class space    used 14824K, capacity 16113K, committed 16304K, reserved 1048576K
}
Event: 6363.628 GC heap before
{Heap before GC invocations=30 (full 4):
 PSYoungGen      total 482816K, used 482225K [0x00000000d5580000, 0x00000000fa100000, 0x0000000100000000)
  eden space 428032K, 100% used [0x00000000d5580000,0x00000000ef780000,0x00000000ef780000)
  from space 54784K, 98% used [0x00000000ef780000,0x00000000f2c6c510,0x00000000f2d00000)
  to   space 62976K, 0% used [0x00000000f6380000,0x00000000f6380000,0x00000000fa100000)
 ParOldGen       total 210432K, used 120625K [0x0000000080000000, 0x000000008cd80000, 0x00000000d5580000)
  object space 210432K, 57% used [0x0000000080000000,0x00000000875cc780,0x000000008cd80000)
 Metaspace       used 116935K, capacity 125850K, committed 125992K, reserved 1159168K
  class space    used 15140K, capacity 16641K, committed 16688K, reserved 1048576K
Event: 6364.345 GC heap after
Heap after GC invocations=30 (full 4):
 PSYoungGen      total 520192K, used 34819K [0x00000000d5580000, 0x00000000f9700000, 0x0000000100000000)
  eden space 467456K, 0% used [0x00000000d5580000,0x00000000d5580000,0x00000000f1e00000)
  from space 52736K, 66% used [0x00000000f6380000,0x00000000f8580cb8,0x00000000f9700000)
  to   space 61952K, 0% used [0x00000000f1e00000,0x00000000f1e00000,0x00000000f5a80000)
 ParOldGen       total 210432K, used 120633K [0x0000000080000000, 0x000000008cd80000, 0x00000000d5580000)
  object space 210432K, 57% used [0x0000000080000000,0x00000000875ce780,0x000000008cd80000)
 Metaspace       used 116935K, capacity 125850K, committed 125992K, reserved 1159168K
  class space    used 15140K, capacity 16641K, committed 16688K, reserved 1048576K
}
Event: 6970.502 GC heap before
{Heap before GC invocations=31 (full 4):
 PSYoungGen      total 520192K, used 502275K [0x00000000d5580000, 0x00000000f9700000, 0x0000000100000000)
  eden space 467456K, 100% used [0x00000000d5580000,0x00000000f1e00000,0x00000000f1e00000)
  from space 52736K, 66% used [0x00000000f6380000,0x00000000f8580cb8,0x00000000f9700000)
  to   space 61952K, 0% used [0x00000000f1e00000,0x00000000f1e00000,0x00000000f5a80000)
 ParOldGen       total 210432K, used 120633K [0x0000000080000000, 0x000000008cd80000, 0x00000000d5580000)
  object space 210432K, 57% used [0x0000000080000000,0x00000000875ce780,0x000000008cd80000)
 Metaspace       used 119256K, capacity 128306K, committed 128424K, reserved 1161216K
  class space    used 15393K, capacity 16966K, committed 17072K, reserved 1048576K
Event: 6971.704 GC heap after
Heap after GC invocations=31 (full 4):
 PSYoungGen      total 529408K, used 54129K [0x00000000d5580000, 0x00000000fc700000, 0x0000000100000000)
  eden space 467456K, 0% used [0x00000000d5580000,0x00000000d5580000,0x00000000f1e00000)
  from space 61952K, 87% used [0x00000000f1e00000,0x00000000f52dc638,0x00000000f5a80000)
  to   space 68608K, 0% used [0x00000000f8400000,0x00000000f8400000,0x00000000fc700000)
 ParOldGen       total 210432K, used 120641K [0x0000000080000000, 0x000000008cd80000, 0x00000000d5580000)
  object space 210432K, 57% used [0x0000000080000000,0x00000000875d0780,0x000000008cd80000)
 Metaspace       used 119256K, capacity 128306K, committed 128424K, reserved 1161216K
  class space    used 15393K, capacity 16966K, committed 17072K, reserved 1048576K
}
Event: 7166.848 GC heap before
{Heap before GC invocations=32 (full 4):
 PSYoungGen      total 529408K, used 521585K [0x00000000d5580000, 0x00000000fc700000, 0x0000000100000000)
  eden space 467456K, 100% used [0x00000000d5580000,0x00000000f1e00000,0x00000000f1e00000)
  from space 61952K, 87% used [0x00000000f1e00000,0x00000000f52dc638,0x00000000f5a80000)
  to   space 68608K, 0% used [0x00000000f8400000,0x00000000f8400000,0x00000000fc700000)
 ParOldGen       total 210432K, used 120641K [0x0000000080000000, 0x000000008cd80000, 0x00000000d5580000)
  object space 210432K, 57% used [0x0000000080000000,0x00000000875d0780,0x000000008cd80000)
 Metaspace       used 119415K, capacity 128528K, committed 128680K, reserved 1161216K
  class space    used 15395K, capacity 16967K, committed 17072K, reserved 1048576K
Event: 7167.412 GC heap after
Heap after GC invocations=32 (full 4):
 PSYoungGen      total 562176K, used 67461K [0x00000000d5580000, 0x00000000fd480000, 0x0000000100000000)
  eden space 493568K, 0% used [0x00000000d5580000,0x00000000d5580000,0x00000000f3780000)
  from space 68608K, 98% used [0x00000000f8400000,0x00000000fc5e16e8,0x00000000fc700000)
  to   space 78336K, 0% used [0x00000000f3780000,0x00000000f3780000,0x00000000f8400000)
 ParOldGen       total 210432K, used 120649K [0x0000000080000000, 0x000000008cd80000, 0x00000000d5580000)
  object space 210432K, 57% used [0x0000000080000000,0x00000000875d2780,0x000000008cd80000)
 Metaspace       used 119415K, capacity 128528K, committed 128680K, reserved 1161216K
  class space    used 15395K, capacity 16967K, committed 17072K, reserved 1048576K
}
Event: 8456.157 GC heap before
{Heap before GC invocations=33 (full 4):
 PSYoungGen      total 562176K, used 561029K [0x00000000d5580000, 0x00000000fd480000, 0x0000000100000000)
  eden space 493568K, 100% used [0x00000000d5580000,0x00000000f3780000,0x00000000f3780000)
  from space 68608K, 98% used [0x00000000f8400000,0x00000000fc5e16e8,0x00000000fc700000)
  to   space 78336K, 0% used [0x00000000f3780000,0x00000000f3780000,0x00000000f8400000)
 ParOldGen       total 210432K, used 120649K [0x0000000080000000, 0x000000008cd80000, 0x00000000d5580000)
  object space 210432K, 57% used [0x0000000080000000,0x00000000875d2780,0x000000008cd80000)
 Metaspace       used 119580K, capacity 128664K, committed 128936K, reserved 1161216K
  class space    used 15396K, capacity 16967K, committed 17072K, reserved 1048576K
Event: 8458.389 GC heap after
Heap after GC invocations=33 (full 4):
 PSYoungGen      total 571904K, used 45881K [0x00000000d5580000, 0x00000000fea00000, 0x0000000100000000)
  eden space 493568K, 0% used [0x00000000d5580000,0x00000000d5580000,0x00000000f3780000)
  from space 78336K, 58% used [0x00000000f3780000,0x00000000f644e460,0x00000000f8400000)
  to   space 78336K, 0% used [0x00000000f9d80000,0x00000000f9d80000,0x00000000fea00000)
 ParOldGen       total 210432K, used 120657K [0x0000000080000000, 0x000000008cd80000, 0x00000000d5580000)
  object space 210432K, 57% used [0x0000000080000000,0x00000000875d4780,0x000000008cd80000)
 Metaspace       used 119580K, capacity 128664K, committed 128936K, reserved 1161216K
  class space    used 15396K, capacity 16967K, committed 17072K, reserved 1048576K
}

Deoptimization events (10 events):
Event: 7164.982 Thread 0x000000001f8b7000 Uncommon trap: reason=speculate_class_check action=maybe_recompile pc=0x00000000046f6120 method=com.sun.tools.javac.file.JavacFileManager.inferBinaryName(Ljavax/tools/JavaFileManager$Location;Ljavax/tools/JavaFileObject;)Ljava/lang/String; @ 23
Event: 7164.983 Thread 0x000000001f8b7000 Uncommon trap: reason=speculate_class_check action=maybe_recompile pc=0x0000000003ec5838 method=com.sun.tools.javac.file.JavacFileManager.inferBinaryName(Ljavax/tools/JavaFileManager$Location;Ljavax/tools/JavaFileObject;)Ljava/lang/String; @ 23
Event: 7164.983 Thread 0x000000001f8b7000 Uncommon trap: reason=speculate_class_check action=maybe_recompile pc=0x0000000003ec5838 method=com.sun.tools.javac.file.JavacFileManager.inferBinaryName(Ljavax/tools/JavaFileManager$Location;Ljavax/tools/JavaFileObject;)Ljava/lang/String; @ 23
Event: 7168.121 Thread 0x00000000206f9800 Uncommon trap: reason=unstable_if action=reinterpret pc=0x00000000066b777c method=java.util.concurrent.atomic.AtomicBoolean.getAndSet(Z)Z @ 11
Event: 7170.699 Thread 0x00000000206f6800 Uncommon trap: reason=class_check action=maybe_recompile pc=0x00000000068fbd84 method=com.android.tools.r8.dex.m.c(I)V @ 108
Event: 8438.049 Thread 0x000000001f8b1000 Uncommon trap: reason=bimorphic action=maybe_recompile pc=0x00000000061dfac0 method=com.sun.org.apache.xerces.internal.dom.ElementImpl.getNodeName()Ljava/lang/String; @ 8
Event: 8439.009 Thread 0x000000001f8b1000 Uncommon trap: reason=null_check action=make_not_entrant pc=0x000000000726e718 method=org.gradle.api.internal.tasks.properties.bean.AbstractNestedRuntimeBeanNode$BeanPropertyValue.isConfigurable()Z @ 9
Event: 8439.245 Thread 0x000000001f8b1000 Uncommon trap: reason=unstable_if action=reinterpret pc=0x00000000040184b0 method=org.gradle.internal.snapshot.impl.AbstractScalarValueSnapshot.equals(Ljava/lang/Object;)Z @ 19
Event: 8446.982 Thread 0x00000000206ed800 Uncommon trap: reason=unstable_if action=reinterpret pc=0x000000000445aa00 method=org.objectweb.asm.ClassReader.readUTF8(I[C)Ljava/lang/String; @ 7
Event: 8449.623 Thread 0x00000000206ed800 Uncommon trap: reason=predicate action=maybe_recompile pc=0x00000000067c2468 method=com.sun.tools.javac.comp.Resolve$AbstractMethodCheck.argumentsAcceptable(Lcom/sun/tools/javac/comp/Env;Lcom/sun/tools/javac/comp/DeferredAttr$DeferredAttrContext;Lcom/sun/

Classes redefined (0 events):
No events

Internal exceptions (10 events):
Event: 8444.929 Thread 0x000000001f8b7800 Exception <a 'sun/nio/fs/WindowsException'> (0x00000000eba59930) thrown at [C:\src\AOSP-openjdk-git\hotspot\src\share\vm\prims\jni.cpp, line 710]
Event: 8444.931 Thread 0x000000001f8b7800 Exception <a 'sun/nio/fs/WindowsException'> (0x00000000eba59dd8) thrown at [C:\src\AOSP-openjdk-git\hotspot\src\share\vm\prims\jni.cpp, line 710]
Event: 8446.147 Thread 0x00000000206ed800 Exception <a 'sun/nio/fs/WindowsException'> (0x00000000ee1b23d8) thrown at [C:\src\AOSP-openjdk-git\hotspot\src\share\vm\prims\jni.cpp, line 710]
Event: 8446.148 Thread 0x00000000206ed800 Exception <a 'sun/nio/fs/WindowsException'> (0x00000000ee1b3c30) thrown at [C:\src\AOSP-openjdk-git\hotspot\src\share\vm\prims\jni.cpp, line 710]
Event: 8446.151 Thread 0x00000000206ed800 Exception <a 'sun/nio/fs/WindowsException'> (0x00000000ee1bb068) thrown at [C:\src\AOSP-openjdk-git\hotspot\src\share\vm\prims\jni.cpp, line 710]
Event: 8446.151 Thread 0x00000000206ed800 Exception <a 'sun/nio/fs/WindowsException'> (0x00000000ee1bc900) thrown at [C:\src\AOSP-openjdk-git\hotspot\src\share\vm\prims\jni.cpp, line 710]
Event: 8446.151 Thread 0x00000000206ed800 Exception <a 'sun/nio/fs/WindowsException'> (0x00000000ee1bf318) thrown at [C:\src\AOSP-openjdk-git\hotspot\src\share\vm\prims\jni.cpp, line 710]
Event: 8446.152 Thread 0x00000000206ed800 Exception <a 'sun/nio/fs/WindowsException'> (0x00000000ee1c0bc0) thrown at [C:\src\AOSP-openjdk-git\hotspot\src\share\vm\prims\jni.cpp, line 710]
Event: 8455.446 Thread 0x000000001f8b7000 Exception <a 'sun/nio/fs/WindowsException'> (0x00000000f2878350) thrown at [C:\src\AOSP-openjdk-git\hotspot\src\share\vm\prims\jni.cpp, line 710]
Event: 8456.004 Thread 0x000000001f8bc000 Exception <a 'sun/nio/fs/WindowsException'> (0x00000000f2ce23a8) thrown at [C:\src\AOSP-openjdk-git\hotspot\src\share\vm\prims\jni.cpp, line 710]

Events (10 events):
Event: 8459.132 Executing VM operation: RevokeBias done
Event: 8459.150 Executing VM operation: RevokeBias
Event: 8459.154 Executing VM operation: RevokeBias done
Event: 8459.210 Executing VM operation: RevokeBias
Event: 8459.217 Executing VM operation: RevokeBias done
Event: 8459.435 Executing VM operation: RevokeBias
Event: 8459.441 Executing VM operation: RevokeBias done
Event: 8459.441 Thread 0x0000000019755000 Thread exited: 0x0000000019755000
Event: 8460.136 Thread 0x000000001f8bc000 DEOPT PACKING pc=0x0000000006af27fc sp=0x0000000034a1c9e0
Event: 8460.145 Thread 0x000000001f8bc000 DEOPT UNPACKING pc=0x00000000027275d0 sp=0x0000000034a1ca30 mode 0


Dynamic libraries:
0x00007ff7f6350000 - 0x00007ff7f6381000 	D:\Android Studio\jre\bin\java.exe
0x00007ffb1a070000 - 0x00007ffb1a266000 	C:\WINDOWS\SYSTEM32\ntdll.dll
0x00007ffb19cd0000 - 0x00007ffb19d8d000 	C:\WINDOWS\System32\KERNEL32.DLL
0x00007ffb17970000 - 0x00007ffb17c39000 	C:\WINDOWS\System32\KERNELBASE.dll
0x00007ffb19d90000 - 0x00007ffb19e3c000 	C:\WINDOWS\System32\ADVAPI32.dll
0x00007ffb19f70000 - 0x00007ffb1a00e000 	C:\WINDOWS\System32\msvcrt.dll
0x00007ffb199a0000 - 0x00007ffb19a3c000 	C:\WINDOWS\System32\sechost.dll
0x00007ffb19e40000 - 0x00007ffb19f6b000 	C:\WINDOWS\System32\RPCRT4.dll
0x00007ffb180d0000 - 0x00007ffb18270000 	C:\WINDOWS\System32\USER32.dll
0x00007ffb17d40000 - 0x00007ffb17d62000 	C:\WINDOWS\System32\win32u.dll
0x00007ffb18dd0000 - 0x00007ffb18dfa000 	C:\WINDOWS\System32\GDI32.dll
0x00007ffb177b0000 - 0x00007ffb178bb000 	C:\WINDOWS\System32\gdi32full.dll
0x00007ffb17df0000 - 0x00007ffb17e8d000 	C:\WINDOWS\System32\msvcp_win.dll
0x00007ffb17c40000 - 0x00007ffb17d40000 	C:\WINDOWS\System32\ucrtbase.dll
0x00007ffafc7c0000 - 0x00007ffafca5b000 	C:\WINDOWS\WinSxS\amd64_microsoft.windows.common-controls_6595b64144ccf1df_6.0.19041.746_none_ca02b4b61b8320a4\COMCTL32.dll
0x00007ffb18da0000 - 0x00007ffb18dd0000 	C:\WINDOWS\System32\IMM32.DLL
0x000000006d8c0000 - 0x000000006d992000 	D:\Android Studio\jre\jre\bin\msvcr100.dll
0x000000006cbf0000 - 0x000000006d43b000 	D:\Android Studio\jre\jre\bin\server\jvm.dll
0x00007ffb19190000 - 0x00007ffb19198000 	C:\WINDOWS\System32\PSAPI.DLL
0x00007ffafc570000 - 0x00007ffafc597000 	C:\WINDOWS\SYSTEM32\WINMM.dll
0x00007ffb10af0000 - 0x00007ffb10afa000 	C:\WINDOWS\SYSTEM32\VERSION.dll
0x00007ffb085b0000 - 0x00007ffb085b9000 	C:\WINDOWS\SYSTEM32\WSOCK32.dll
0x00007ffb19070000 - 0x00007ffb190db000 	C:\WINDOWS\System32\ws2_32.DLL
0x00007ffb07730000 - 0x00007ffb0773f000 	D:\Android Studio\jre\jre\bin\verify.dll
0x00007ffb07320000 - 0x00007ffb07349000 	D:\Android Studio\jre\jre\bin\java.dll
0x00007ffb07420000 - 0x00007ffb07436000 	D:\Android Studio\jre\jre\bin\zip.dll
0x00007ffb19250000 - 0x00007ffb19992000 	C:\WINDOWS\System32\SHELL32.dll
0x00007ffb158a0000 - 0x00007ffb16030000 	C:\WINDOWS\SYSTEM32\windows.storage.dll
0x00007ffb18760000 - 0x00007ffb18ab6000 	C:\WINDOWS\System32\combase.dll
0x00007ffb171a0000 - 0x00007ffb171cc000 	C:\WINDOWS\SYSTEM32\Wldp.dll
0x00007ffb190e0000 - 0x00007ffb1918e000 	C:\WINDOWS\System32\SHCORE.dll
0x00007ffb18e00000 - 0x00007ffb18e55000 	C:\WINDOWS\System32\shlwapi.dll
0x00007ffb176e0000 - 0x00007ffb17706000 	C:\WINDOWS\SYSTEM32\profapi.dll
0x00007ffb06e00000 - 0x00007ffb06e1a000 	D:\Android Studio\jre\jre\bin\net.dll
0x00007ffb16ed0000 - 0x00007ffb16f3a000 	C:\WINDOWS\system32\mswsock.dll
0x00007ffb055f0000 - 0x00007ffb05603000 	D:\Android Studio\jre\jre\bin\nio.dll
0x00007ffb11a30000 - 0x00007ffb11a57000 	C:\Users\YASWANTH  L\.gradle\native\f6784746aeab05261644944871eae4fe03e0ef1612fff0a4a95f87b438bc6780\windows-amd64\native-platform.dll
0x00007ffb07720000 - 0x00007ffb0772d000 	D:\Android Studio\jre\jre\bin\management.dll
0x00007ffb170a0000 - 0x00007ffb170b8000 	C:\WINDOWS\SYSTEM32\CRYPTSP.dll
0x00007ffb16820000 - 0x00007ffb16854000 	C:\WINDOWS\system32\rsaenh.dll
0x00007ffb17dc0000 - 0x00007ffb17de7000 	C:\WINDOWS\System32\bcrypt.dll
0x00007ffb176a0000 - 0x00007ffb176ce000 	C:\WINDOWS\SYSTEM32\USERENV.dll
0x00007ffb17ef0000 - 0x00007ffb17f70000 	C:\WINDOWS\System32\bcryptprimitives.dll
0x00007ffb170c0000 - 0x00007ffb170cc000 	C:\WINDOWS\SYSTEM32\CRYPTBASE.dll
0x00007ffb16b80000 - 0x00007ffb16bbb000 	C:\WINDOWS\SYSTEM32\IPHLPAPI.DLL
0x00007ffb18ba0000 - 0x00007ffb18ba8000 	C:\WINDOWS\System32\NSI.dll
0x00007ffb104b0000 - 0x00007ffb104c7000 	C:\WINDOWS\SYSTEM32\dhcpcsvc6.DLL
0x00007ffb10490000 - 0x00007ffb104ad000 	C:\WINDOWS\SYSTEM32\dhcpcsvc.DLL
0x00007ffb16bc0000 - 0x00007ffb16c8b000 	C:\WINDOWS\SYSTEM32\DNSAPI.dll
0x00007ffb10a60000 - 0x00007ffb10a6b000 	C:\WINDOWS\SYSTEM32\WINNSI.DLL
0x00007ffaedd50000 - 0x00007ffaedd74000 	D:\Android Studio\jre\jre\bin\sunec.dll
0x00007ffb090d0000 - 0x00007ffb090da000 	C:\Windows\System32\rasadhlp.dll
0x00007ffb08f90000 - 0x00007ffb0900f000 	C:\WINDOWS\System32\fwpuclnt.dll
0x00007ffb05950000 - 0x00007ffb0595b000 	D:\Android Studio\jre\jre\bin\sunmscapi.dll
0x00007ffb17f70000 - 0x00007ffb180c6000 	C:\WINDOWS\System32\CRYPT32.dll

VM Arguments:
jvm_args: -Xmx2048m -Dfile.encoding=UTF-8 -Duser.country=IN -Duser.language=en -Duser.variant 
java_command: org.gradle.launcher.daemon.bootstrap.GradleDaemon 6.5
java_class_path (initial): C:\Users\YASWANTH  L\.gradle\wrapper\dists\gradle-6.5-bin\6nifqtx7604sqp1q6g8wikw7p\gradle-6.5\lib\gradle-launcher-6.5.jar
Launcher Type: SUN_STANDARD

Environment Variables:
PATH=C:\Python38\Scripts\;C:\Python38\;C:\WINDOWS\system32;C:\WINDOWS;C:\WINDOWS\System32\Wbem;C:\WINDOWS\System32\WindowsPowerShell\v1.0\;C:\WINDOWS\System32\OpenSSH\;C:\Program Files (x86)\Windows Kits\8.1\Windows Performance Toolkit\;C:\Program Files\Microsoft SQL Server\110\Tools\Binn\;C:\Program Files\nodejs\;C:\ProgramData\chocolatey\bin;C:\Program Files\Java\jdk-14.0.1\bin;C:\Program Files\Git\cmd;C:\Users\YASWANTH  L\AppData\Local\Microsoft\WindowsApps;C:\Users\YASWANTH  L\AppData\Local\Programs\Microsoft VS Code\bin;C:\Users\YASWANTH  L\AppData\Local\GitHubDesktop\bin;C:\Program Files\heroku\bin
USERNAME=YASWANTH  L
OS=Windows_NT
PROCESSOR_IDENTIFIER=Intel64 Family 6 Model 126 Stepping 5, GenuineIntel



---------------  S Y S T E M  ---------------

OS: Windows 10.0 , 64 bit Build 19041 (10.0.19041.804)

CPU:total 8 (initial active 8) (4 cores per cpu, 2 threads per core) family 6 model 126 stepping 5, cmov, cx8, fxsr, mmx, sse, sse2, sse3, ssse3, sse4.1, sse4.2, popcnt, avx, avx2, aes, clmul, erms, 3dnowpref, lzcnt, ht, tsc, tscinvbit, bmi1, bmi2, adx

Memory: 4k page, physical 3956192k(11372k free), swap 16014816k(4712k free)

vm_info: OpenJDK 64-Bit Server VM (25.242-b01) for windows-amd64 JRE (1.8.0_242-release-1644-b01), built by "builder" with MS VC++ 10.0 (VS2010)

time: Mon Feb 22 20:25:45 2021
timezone: India Standard Time
elapsed time: 8460 seconds (0d 2h 21m 0s)

